This file contains any messages produced by compilers while
running configure, to aid debugging if configure makes a mistake.

It was created by cmsat configure 2.9.9, which was
generated by GNU Autoconf 2.69.  Invocation command line was

  $ ../configure 

## --------- ##
## Platform. ##
## --------- ##

hostname = ubuntu-ibmx3500m4
uname -m = x86_64
uname -r = 3.8.0-35-generic
uname -s = Linux
uname -v = #50-Ubuntu SMP Tue Dec 3 01:24:59 UTC 2013

/usr/bin/uname -p = unknown
/bin/uname -X     = unknown

/bin/arch              = unknown
/usr/bin/arch -k       = unknown
/usr/convex/getsysinfo = unknown
/usr/bin/hostinfo      = unknown
/bin/machine           = unknown
/usr/bin/oslevel       = unknown
/bin/universe          = unknown

PATH: /usr/local/sbin
PATH: /usr/local/bin
PATH: /usr/sbin
PATH: /usr/bin
PATH: /sbin
PATH: /bin
PATH: /usr/games
PATH: /usr/local/games
PATH: /users/b98096/bin


## ----------- ##
## Core tests. ##
## ----------- ##

configure:2613: checking build system type
configure:2627: result: x86_64-unknown-linux-gnu
configure:2647: checking host system type
configure:2660: result: x86_64-unknown-linux-gnu
configure:2701: checking how to print strings
configure:2728: result: printf
configure:2797: checking for gcc
configure:2813: found /usr/bin/gcc
configure:2824: result: gcc
configure:3053: checking for C compiler version
configure:3062: gcc --version >&5
gcc (Ubuntu/Linaro 4.7.3-1ubuntu1) 4.7.3
Copyright (C) 2012 Free Software Foundation, Inc.
This is free software; see the source for copying conditions.  There is NO
warranty; not even for MERCHANTABILITY or FITNESS FOR A PARTICULAR PURPOSE.

configure:3073: $? = 0
configure:3062: gcc -v >&5
Using built-in specs.
COLLECT_GCC=gcc
COLLECT_LTO_WRAPPER=/usr/lib/gcc/x86_64-linux-gnu/4.7/lto-wrapper
Target: x86_64-linux-gnu
Configured with: ../src/configure -v --with-pkgversion='Ubuntu/Linaro 4.7.3-1ubuntu1' --with-bugurl=file:///usr/share/doc/gcc-4.7/README.Bugs --enable-languages=c,c++,go,fortran,objc,obj-c++ --prefix=/usr --program-suffix=-4.7 --enable-shared --enable-linker-build-id --libexecdir=/usr/lib --without-included-gettext --enable-threads=posix --with-gxx-include-dir=/usr/include/c++/4.7 --libdir=/usr/lib --enable-nls --with-sysroot=/ --enable-clocale=gnu --enable-libstdcxx-debug --enable-libstdcxx-time=yes --enable-gnu-unique-object --enable-plugin --with-system-zlib --enable-objc-gc --with-cloog --enable-cloog-backend=ppl --disable-cloog-version-check --disable-ppl-version-check --enable-multiarch --disable-werror --with-arch-32=i686 --with-abi=m64 --with-multilib-list=m32,m64,mx32 --with-tune=generic --enable-checking=release --build=x86_64-linux-gnu --host=x86_64-linux-gnu --target=x86_64-linux-gnu
Thread model: posix
gcc version 4.7.3 (Ubuntu/Linaro 4.7.3-1ubuntu1) 
configure:3073: $? = 0
configure:3062: gcc -V >&5
gcc: error: unrecognized command line option '-V'
gcc: fatal error: no input files
compilation terminated.
configure:3073: $? = 4
configure:3062: gcc -qversion >&5
gcc: error: unrecognized command line option '-qversion'
gcc: fatal error: no input files
compilation terminated.
configure:3073: $? = 4
configure:3093: checking whether the C compiler works
configure:3115: gcc    conftest.c  >&5
configure:3119: $? = 0
configure:3167: result: yes
configure:3170: checking for C compiler default output file name
configure:3172: result: a.out
configure:3178: checking for suffix of executables
configure:3185: gcc -o conftest    conftest.c  >&5
configure:3189: $? = 0
configure:3211: result: 
configure:3233: checking whether we are cross compiling
configure:3241: gcc -o conftest    conftest.c  >&5
configure:3245: $? = 0
configure:3252: ./conftest
configure:3256: $? = 0
configure:3271: result: no
configure:3276: checking for suffix of object files
configure:3298: gcc -c   conftest.c >&5
configure:3302: $? = 0
configure:3323: result: o
configure:3327: checking whether we are using the GNU C compiler
configure:3346: gcc -c   conftest.c >&5
configure:3346: $? = 0
configure:3355: result: yes
configure:3364: checking whether gcc accepts -g
configure:3384: gcc -c -g  conftest.c >&5
configure:3384: $? = 0
configure:3425: result: yes
configure:3442: checking for gcc option to accept ISO C89
configure:3505: gcc  -c -g -O2  conftest.c >&5
configure:3505: $? = 0
configure:3518: result: none needed
configure:3538: checking for a sed that does not truncate output
configure:3602: result: /bin/sed
configure:3620: checking for grep that handles long lines and -e
configure:3678: result: /bin/grep
configure:3683: checking for egrep
configure:3745: result: /bin/grep -E
configure:3750: checking for fgrep
configure:3812: result: /bin/grep -F
configure:3847: checking for ld used by gcc
configure:3914: result: /usr/bin/ld
configure:3921: checking if the linker (/usr/bin/ld) is GNU ld
configure:3936: result: yes
configure:3948: checking for BSD- or MS-compatible name lister (nm)
configure:3997: result: /usr/bin/nm -B
configure:4127: checking the name lister (/usr/bin/nm -B) interface
configure:4134: gcc -c -g -O2  conftest.c >&5
configure:4137: /usr/bin/nm -B "conftest.o"
configure:4140: output
0000000000000000 B some_variable
configure:4147: result: BSD nm
configure:4150: checking whether ln -s works
configure:4154: result: yes
configure:4162: checking the maximum length of command line arguments
configure:4293: result: 1572864
configure:4310: checking whether the shell understands some XSI constructs
configure:4320: result: yes
configure:4324: checking whether the shell understands "+="
configure:4330: result: yes
configure:4365: checking how to convert x86_64-unknown-linux-gnu file names to x86_64-unknown-linux-gnu format
configure:4405: result: func_convert_file_noop
configure:4412: checking how to convert x86_64-unknown-linux-gnu file names to toolchain format
configure:4432: result: func_convert_file_noop
configure:4439: checking for /usr/bin/ld option to reload object files
configure:4446: result: -r
configure:4520: checking for objdump
configure:4536: found /usr/bin/objdump
configure:4547: result: objdump
configure:4579: checking how to recognize dependent libraries
configure:4777: result: pass_all
configure:4862: checking for dlltool
configure:4892: result: no
configure:4922: checking how to associate runtime and link libraries
configure:4949: result: printf %s\n
configure:5010: checking for ar
configure:5026: found /usr/bin/ar
configure:5037: result: ar
configure:5074: checking for archiver @FILE support
configure:5091: gcc -c -g -O2  conftest.c >&5
configure:5091: $? = 0
configure:5094: ar cru libconftest.a @conftest.lst >&5
configure:5097: $? = 0
configure:5102: ar cru libconftest.a @conftest.lst >&5
ar: conftest.o: No such file or directory
configure:5105: $? = 1
configure:5117: result: @
configure:5175: checking for strip
configure:5191: found /usr/bin/strip
configure:5202: result: strip
configure:5274: checking for ranlib
configure:5290: found /usr/bin/ranlib
configure:5301: result: ranlib
configure:5378: checking for gawk
configure:5408: result: no
configure:5378: checking for mawk
configure:5394: found /usr/bin/mawk
configure:5405: result: mawk
configure:5445: checking command to parse /usr/bin/nm -B output from gcc object
configure:5565: gcc -c -g -O2  conftest.c >&5
configure:5568: $? = 0
configure:5572: /usr/bin/nm -B conftest.o \| sed -n -e 's/^.*[ ]\([ABCDGIRSTW][ABCDGIRSTW]*\)[ ][ ]*\([_A-Za-z][_A-Za-z0-9]*\)$/\1 \2 \2/p' | sed '/ __gnu_lto/d' \> conftest.nm
configure:5575: $? = 0
configure:5641: gcc -o conftest -g -O2   conftest.c conftstm.o >&5
configure:5644: $? = 0
configure:5682: result: ok
configure:5719: checking for sysroot
configure:5749: result: no
configure:5826: gcc -c -g -O2  conftest.c >&5
configure:5829: $? = 0
configure:6012: checking for mt
configure:6028: found /bin/mt
configure:6039: result: mt
configure:6062: checking if mt is a manifest tool
configure:6068: mt '-?'
configure:6076: result: no
configure:6718: checking how to run the C preprocessor
configure:6749: gcc -E  conftest.c
configure:6749: $? = 0
configure:6763: gcc -E  conftest.c
conftest.c:9:28: fatal error: ac_nonexistent.h: No such file or directory
compilation terminated.
configure:6763: $? = 1
configure: failed program was:
| /* confdefs.h */
| #define PACKAGE_NAME "cmsat"
| #define PACKAGE_TARNAME "cmsat"
| #define PACKAGE_VERSION "2.9.9"
| #define PACKAGE_STRING "cmsat 2.9.9"
| #define PACKAGE_BUGREPORT ""
| #define PACKAGE_URL ""
| /* end confdefs.h.  */
| #include <ac_nonexistent.h>
configure:6788: result: gcc -E
configure:6808: gcc -E  conftest.c
configure:6808: $? = 0
configure:6822: gcc -E  conftest.c
conftest.c:9:28: fatal error: ac_nonexistent.h: No such file or directory
compilation terminated.
configure:6822: $? = 1
configure: failed program was:
| /* confdefs.h */
| #define PACKAGE_NAME "cmsat"
| #define PACKAGE_TARNAME "cmsat"
| #define PACKAGE_VERSION "2.9.9"
| #define PACKAGE_STRING "cmsat 2.9.9"
| #define PACKAGE_BUGREPORT ""
| #define PACKAGE_URL ""
| /* end confdefs.h.  */
| #include <ac_nonexistent.h>
configure:6851: checking for ANSI C header files
configure:6871: gcc -c -g -O2  conftest.c >&5
configure:6871: $? = 0
configure:6944: gcc -o conftest -g -O2   conftest.c  >&5
configure:6944: $? = 0
configure:6944: ./conftest
configure:6944: $? = 0
configure:6955: result: yes
configure:6968: checking for sys/types.h
configure:6968: gcc -c -g -O2  conftest.c >&5
configure:6968: $? = 0
configure:6968: result: yes
configure:6968: checking for sys/stat.h
configure:6968: gcc -c -g -O2  conftest.c >&5
configure:6968: $? = 0
configure:6968: result: yes
configure:6968: checking for stdlib.h
configure:6968: gcc -c -g -O2  conftest.c >&5
configure:6968: $? = 0
configure:6968: result: yes
configure:6968: checking for string.h
configure:6968: gcc -c -g -O2  conftest.c >&5
configure:6968: $? = 0
configure:6968: result: yes
configure:6968: checking for memory.h
configure:6968: gcc -c -g -O2  conftest.c >&5
configure:6968: $? = 0
configure:6968: result: yes
configure:6968: checking for strings.h
configure:6968: gcc -c -g -O2  conftest.c >&5
configure:6968: $? = 0
configure:6968: result: yes
configure:6968: checking for inttypes.h
configure:6968: gcc -c -g -O2  conftest.c >&5
configure:6968: $? = 0
configure:6968: result: yes
configure:6968: checking for stdint.h
configure:6968: gcc -c -g -O2  conftest.c >&5
configure:6968: $? = 0
configure:6968: result: yes
configure:6968: checking for unistd.h
configure:6968: gcc -c -g -O2  conftest.c >&5
configure:6968: $? = 0
configure:6968: result: yes
configure:6982: checking for dlfcn.h
configure:6982: gcc -c -g -O2  conftest.c >&5
configure:6982: $? = 0
configure:6982: result: yes
configure:7188: checking for objdir
configure:7203: result: .libs
configure:7470: checking if gcc supports -fno-rtti -fno-exceptions
configure:7488: gcc -c -g -O2  -fno-rtti -fno-exceptions conftest.c >&5
cc1: warning: command line option '-fno-rtti' is valid for C++/ObjC++ but not for C [enabled by default]
configure:7492: $? = 0
configure:7505: result: no
configure:7832: checking for gcc option to produce PIC
configure:7839: result: -fPIC -DPIC
configure:7847: checking if gcc PIC flag -fPIC -DPIC works
configure:7865: gcc -c -g -O2  -fPIC -DPIC -DPIC conftest.c >&5
configure:7869: $? = 0
configure:7882: result: yes
configure:7911: checking if gcc static flag -static works
configure:7939: result: yes
configure:7954: checking if gcc supports -c -o file.o
configure:7975: gcc -c -g -O2  -o out/conftest2.o conftest.c >&5
configure:7979: $? = 0
configure:8001: result: yes
configure:8009: checking if gcc supports -c -o file.o
configure:8056: result: yes
configure:8089: checking whether the gcc linker (/usr/bin/ld -m elf_x86_64) supports shared libraries
configure:9246: result: yes
configure:9283: checking whether -lc should be explicitly linked in
configure:9291: gcc -c -g -O2  conftest.c >&5
configure:9294: $? = 0
configure:9309: gcc -shared  -fPIC -DPIC conftest.o  -v -Wl,-soname -Wl,conftest -o conftest 2\>\&1 \| /bin/grep  -lc  \>/dev/null 2\>\&1
configure:9312: $? = 0
configure:9326: result: no
configure:9486: checking dynamic linker characteristics
configure:9986: gcc -o conftest -g -O2   -Wl,-rpath -Wl,/foo conftest.c  >&5
configure:9986: $? = 0
configure:10220: result: GNU/Linux ld.so
configure:10327: checking how to hardcode library paths into programs
configure:10352: result: immediate
configure:10892: checking whether stripping libraries is possible
configure:10897: result: yes
configure:10932: checking if libtool supports shared libraries
configure:10934: result: yes
configure:10937: checking whether to build shared libraries
configure:10958: result: yes
configure:10961: checking whether to build static libraries
configure:10965: result: yes
configure:11070: checking for g++
configure:11086: found /usr/bin/g++
configure:11097: result: g++
configure:11124: checking for C++ compiler version
configure:11133: g++ --version >&5
g++ (Ubuntu/Linaro 4.7.3-1ubuntu1) 4.7.3
Copyright (C) 2012 Free Software Foundation, Inc.
This is free software; see the source for copying conditions.  There is NO
warranty; not even for MERCHANTABILITY or FITNESS FOR A PARTICULAR PURPOSE.

configure:11144: $? = 0
configure:11133: g++ -v >&5
Using built-in specs.
COLLECT_GCC=g++
COLLECT_LTO_WRAPPER=/usr/lib/gcc/x86_64-linux-gnu/4.7/lto-wrapper
Target: x86_64-linux-gnu
Configured with: ../src/configure -v --with-pkgversion='Ubuntu/Linaro 4.7.3-1ubuntu1' --with-bugurl=file:///usr/share/doc/gcc-4.7/README.Bugs --enable-languages=c,c++,go,fortran,objc,obj-c++ --prefix=/usr --program-suffix=-4.7 --enable-shared --enable-linker-build-id --libexecdir=/usr/lib --without-included-gettext --enable-threads=posix --with-gxx-include-dir=/usr/include/c++/4.7 --libdir=/usr/lib --enable-nls --with-sysroot=/ --enable-clocale=gnu --enable-libstdcxx-debug --enable-libstdcxx-time=yes --enable-gnu-unique-object --enable-plugin --with-system-zlib --enable-objc-gc --with-cloog --enable-cloog-backend=ppl --disable-cloog-version-check --disable-ppl-version-check --enable-multiarch --disable-werror --with-arch-32=i686 --with-abi=m64 --with-multilib-list=m32,m64,mx32 --with-tune=generic --enable-checking=release --build=x86_64-linux-gnu --host=x86_64-linux-gnu --target=x86_64-linux-gnu
Thread model: posix
gcc version 4.7.3 (Ubuntu/Linaro 4.7.3-1ubuntu1) 
configure:11144: $? = 0
configure:11133: g++ -V >&5
g++: error: unrecognized command line option '-V'
g++: fatal error: no input files
compilation terminated.
configure:11144: $? = 4
configure:11133: g++ -qversion >&5
g++: error: unrecognized command line option '-qversion'
g++: fatal error: no input files
compilation terminated.
configure:11144: $? = 4
configure:11148: checking whether we are using the GNU C++ compiler
configure:11167: g++ -c   conftest.cpp >&5
configure:11167: $? = 0
configure:11176: result: yes
configure:11185: checking whether g++ accepts -g
configure:11205: g++ -c -g  conftest.cpp >&5
configure:11205: $? = 0
configure:11246: result: yes
configure:11287: checking how to run the C++ preprocessor
configure:11314: g++ -E  conftest.cpp
configure:11314: $? = 0
configure:11328: g++ -E  conftest.cpp
conftest.cpp:21:28: fatal error: ac_nonexistent.h: No such file or directory
compilation terminated.
configure:11328: $? = 1
configure: failed program was:
| /* confdefs.h */
| #define PACKAGE_NAME "cmsat"
| #define PACKAGE_TARNAME "cmsat"
| #define PACKAGE_VERSION "2.9.9"
| #define PACKAGE_STRING "cmsat 2.9.9"
| #define PACKAGE_BUGREPORT ""
| #define PACKAGE_URL ""
| #define STDC_HEADERS 1
| #define HAVE_SYS_TYPES_H 1
| #define HAVE_SYS_STAT_H 1
| #define HAVE_STDLIB_H 1
| #define HAVE_STRING_H 1
| #define HAVE_MEMORY_H 1
| #define HAVE_STRINGS_H 1
| #define HAVE_INTTYPES_H 1
| #define HAVE_STDINT_H 1
| #define HAVE_UNISTD_H 1
| #define HAVE_DLFCN_H 1
| #define LT_OBJDIR ".libs/"
| /* end confdefs.h.  */
| #include <ac_nonexistent.h>
configure:11353: result: g++ -E
configure:11373: g++ -E  conftest.cpp
configure:11373: $? = 0
configure:11387: g++ -E  conftest.cpp
conftest.cpp:21:28: fatal error: ac_nonexistent.h: No such file or directory
compilation terminated.
configure:11387: $? = 1
configure: failed program was:
| /* confdefs.h */
| #define PACKAGE_NAME "cmsat"
| #define PACKAGE_TARNAME "cmsat"
| #define PACKAGE_VERSION "2.9.9"
| #define PACKAGE_STRING "cmsat 2.9.9"
| #define PACKAGE_BUGREPORT ""
| #define PACKAGE_URL ""
| #define STDC_HEADERS 1
| #define HAVE_SYS_TYPES_H 1
| #define HAVE_SYS_STAT_H 1
| #define HAVE_STDLIB_H 1
| #define HAVE_STRING_H 1
| #define HAVE_MEMORY_H 1
| #define HAVE_STRINGS_H 1
| #define HAVE_INTTYPES_H 1
| #define HAVE_STDINT_H 1
| #define HAVE_UNISTD_H 1
| #define HAVE_DLFCN_H 1
| #define LT_OBJDIR ".libs/"
| /* end confdefs.h.  */
| #include <ac_nonexistent.h>
configure:11556: checking for ld used by g++
configure:11623: result: /usr/bin/ld -m elf_x86_64
configure:11630: checking if the linker (/usr/bin/ld -m elf_x86_64) is GNU ld
configure:11645: result: yes
configure:11700: checking whether the g++ linker (/usr/bin/ld -m elf_x86_64) supports shared libraries
configure:12702: result: yes
configure:12738: g++ -c -g -O2  conftest.cpp >&5
configure:12741: $? = 0
configure:13261: checking for g++ option to produce PIC
configure:13268: result: -fPIC -DPIC
configure:13276: checking if g++ PIC flag -fPIC -DPIC works
configure:13294: g++ -c -g -O2  -fPIC -DPIC -DPIC conftest.cpp >&5
configure:13298: $? = 0
configure:13311: result: yes
configure:13334: checking if g++ static flag -static works
configure:13362: result: yes
configure:13374: checking if g++ supports -c -o file.o
configure:13395: g++ -c -g -O2  -o out/conftest2.o conftest.cpp >&5
configure:13399: $? = 0
configure:13421: result: yes
configure:13426: checking if g++ supports -c -o file.o
configure:13473: result: yes
configure:13503: checking whether the g++ linker (/usr/bin/ld -m elf_x86_64) supports shared libraries
configure:13542: result: yes
configure:13683: checking dynamic linker characteristics
configure:14351: result: GNU/Linux ld.so
configure:14404: checking how to hardcode library paths into programs
configure:14429: result: immediate
configure:14479: checking for gcc bug number 47365
configure:14585: g++ -o conftest -g -O3 -Wall -pedantic   conftest.cpp  >&5
configure:14585: $? = 0
configure:14585: ./conftest
configure:14585: $? = 0
configure:14596: result: no
configure:14600: result: Your gcc version doesn't _seem_ broken
configure:14609: checking static linking
configure:14618: result: no
configure:14640: checking for a BSD-compatible install
configure:14708: result: /usr/bin/install -c
configure:14719: checking whether build environment is sane
configure:14769: result: yes
configure:14910: checking for a thread-safe mkdir -p
configure:14949: result: /bin/mkdir -p
configure:14958: checking whether make sets $(MAKE)
configure:14980: result: yes
configure:15010: checking for style of include used by make
configure:15038: result: GNU
configure:15067: error: source directory already configured; run "make distclean" there first

## ---------------- ##
## Cache variables. ##
## ---------------- ##

ac_cv_build=x86_64-unknown-linux-gnu
ac_cv_c_compiler_gnu=yes
ac_cv_cxx_compiler_gnu=yes
ac_cv_env_CCC_set=
ac_cv_env_CCC_value=
ac_cv_env_CC_set=
ac_cv_env_CC_value=
ac_cv_env_CFLAGS_set=
ac_cv_env_CFLAGS_value=
ac_cv_env_CPPFLAGS_set=
ac_cv_env_CPPFLAGS_value=
ac_cv_env_CPP_set=
ac_cv_env_CPP_value=
ac_cv_env_CXXCPP_set=
ac_cv_env_CXXCPP_value=
ac_cv_env_CXXFLAGS_set=
ac_cv_env_CXXFLAGS_value=
ac_cv_env_CXX_set=
ac_cv_env_CXX_value=
ac_cv_env_LDFLAGS_set=
ac_cv_env_LDFLAGS_value=
ac_cv_env_LIBS_set=
ac_cv_env_LIBS_value=
ac_cv_env_build_alias_set=
ac_cv_env_build_alias_value=
ac_cv_env_host_alias_set=
ac_cv_env_host_alias_value=
ac_cv_env_target_alias_set=
ac_cv_env_target_alias_value=
ac_cv_header_dlfcn_h=yes
ac_cv_header_inttypes_h=yes
ac_cv_header_memory_h=yes
ac_cv_header_stdc=yes
ac_cv_header_stdint_h=yes
ac_cv_header_stdlib_h=yes
ac_cv_header_string_h=yes
ac_cv_header_strings_h=yes
ac_cv_header_sys_stat_h=yes
ac_cv_header_sys_types_h=yes
ac_cv_header_unistd_h=yes
ac_cv_host=x86_64-unknown-linux-gnu
ac_cv_objext=o
ac_cv_path_EGREP='/bin/grep -E'
ac_cv_path_FGREP='/bin/grep -F'
ac_cv_path_GREP=/bin/grep
ac_cv_path_SED=/bin/sed
ac_cv_path_install='/usr/bin/install -c'
ac_cv_path_mkdir=/bin/mkdir
ac_cv_prog_AWK=mawk
ac_cv_prog_CPP='gcc -E'
ac_cv_prog_CXXCPP='g++ -E'
ac_cv_prog_ac_ct_AR=ar
ac_cv_prog_ac_ct_CC=gcc
ac_cv_prog_ac_ct_CXX=g++
ac_cv_prog_ac_ct_MANIFEST_TOOL=mt
ac_cv_prog_ac_ct_OBJDUMP=objdump
ac_cv_prog_ac_ct_RANLIB=ranlib
ac_cv_prog_ac_ct_STRIP=strip
ac_cv_prog_cc_c89=
ac_cv_prog_cc_g=yes
ac_cv_prog_cxx_g=yes
ac_cv_prog_make_make_set=yes
fpre_cv_bug=no
lt_cv_ar_at_file=@
lt_cv_archive_cmds_need_lc=no
lt_cv_deplibs_check_method=pass_all
lt_cv_file_magic_cmd='$MAGIC_CMD'
lt_cv_file_magic_test_file=
lt_cv_ld_reload_flag=-r
lt_cv_nm_interface='BSD nm'
lt_cv_objdir=.libs
lt_cv_path_LD=/usr/bin/ld
lt_cv_path_LDCXX='/usr/bin/ld -m elf_x86_64'
lt_cv_path_NM='/usr/bin/nm -B'
lt_cv_path_mainfest_tool=no
lt_cv_prog_compiler_c_o=yes
lt_cv_prog_compiler_c_o_CXX=yes
lt_cv_prog_compiler_pic='-fPIC -DPIC'
lt_cv_prog_compiler_pic_CXX='-fPIC -DPIC'
lt_cv_prog_compiler_pic_works=yes
lt_cv_prog_compiler_pic_works_CXX=yes
lt_cv_prog_compiler_rtti_exceptions=no
lt_cv_prog_compiler_static_works=yes
lt_cv_prog_compiler_static_works_CXX=yes
lt_cv_prog_gnu_ld=yes
lt_cv_prog_gnu_ldcxx=yes
lt_cv_sharedlib_from_linklib_cmd='printf %s\n'
lt_cv_shlibpath_overrides_runpath=no
lt_cv_sys_global_symbol_pipe='sed -n -e '\''s/^.*[	 ]\([ABCDGIRSTW][ABCDGIRSTW]*\)[	 ][	 ]*\([_A-Za-z][_A-Za-z0-9]*\)$/\1 \2 \2/p'\'' | sed '\''/ __gnu_lto/d'\'''
lt_cv_sys_global_symbol_to_c_name_address='sed -n -e '\''s/^: \([^ ]*\)[ ]*$/  {\"\1\", (void *) 0},/p'\'' -e '\''s/^[ABCDGIRSTW]* \([^ ]*\) \([^ ]*\)$/  {"\2", (void *) \&\2},/p'\'''
lt_cv_sys_global_symbol_to_c_name_address_lib_prefix='sed -n -e '\''s/^: \([^ ]*\)[ ]*$/  {\"\1\", (void *) 0},/p'\'' -e '\''s/^[ABCDGIRSTW]* \([^ ]*\) \(lib[^ ]*\)$/  {"\2", (void *) \&\2},/p'\'' -e '\''s/^[ABCDGIRSTW]* \([^ ]*\) \([^ ]*\)$/  {"lib\2", (void *) \&\2},/p'\'''
lt_cv_sys_global_symbol_to_cdecl='sed -n -e '\''s/^T .* \(.*\)$/extern int \1();/p'\'' -e '\''s/^[ABCDGIRSTW]* .* \(.*\)$/extern char \1;/p'\'''
lt_cv_sys_max_cmd_len=1572864
lt_cv_to_host_file_cmd=func_convert_file_noop
lt_cv_to_tool_file_cmd=func_convert_file_noop

## ----------------- ##
## Output variables. ##
## ----------------- ##

ACLOCAL=''
AMDEPBACKSLASH='\'
AMDEP_FALSE='#'
AMDEP_TRUE=''
AMTAR=''
AR='ar'
AUTOCONF=''
AUTOHEADER=''
AUTOMAKE=''
AWK='mawk'
CC='gcc'
CCDEPMODE=''
CFLAGS='-g -O2'
CPP='gcc -E'
CPPFLAGS=''
CXX='g++'
CXXCPP='g++ -E'
CXXDEPMODE=''
CXXFLAGS='-g -O3 -Wall -pedantic'
CYGPATH_W=''
DEFS=''
DEPDIR='.deps'
DLLTOOL='false'
DSYMUTIL=''
DUMPBIN=''
ECHO_C=''
ECHO_N='-n'
ECHO_T=''
EGREP='/bin/grep -E'
EXEEXT=''
FGREP='/bin/grep -F'
GREP='/bin/grep'
INSTALL_DATA='${INSTALL} -m 644'
INSTALL_PROGRAM='${INSTALL}'
INSTALL_SCRIPT='${INSTALL}'
INSTALL_STRIP_PROGRAM='$(install_sh) -c -s'
LD='/usr/bin/ld -m elf_x86_64'
LDFLAGS=''
LIBOBJS=''
LIBS=''
LIBTOOL='$(SHELL) $(top_builddir)/libtool'
LIPO=''
LN_S='ln -s'
LTLIBOBJS=''
MAKEINFO=''
MANIFEST_TOOL=':'
MKDIR_P='/bin/mkdir -p'
NM='/usr/bin/nm -B'
NMEDIT=''
OBJDUMP='objdump'
OBJEXT='o'
OPENMP_CXXFLAGS=''
OTOOL64=''
OTOOL=''
PACKAGE=''
PACKAGE_BUGREPORT=''
PACKAGE_NAME='cmsat'
PACKAGE_STRING='cmsat 2.9.9'
PACKAGE_TARNAME='cmsat'
PACKAGE_URL=''
PACKAGE_VERSION='2.9.9'
PATH_SEPARATOR=':'
RANLIB='ranlib'
SED='/bin/sed'
SET_MAKE=''
SHELL='/bin/bash'
STRIP='strip'
VERSION=''
ac_ct_AR='ar'
ac_ct_CC='gcc'
ac_ct_CXX='g++'
ac_ct_DUMPBIN=''
am__EXEEXT_FALSE=''
am__EXEEXT_TRUE=''
am__fastdepCC_FALSE=''
am__fastdepCC_TRUE=''
am__fastdepCXX_FALSE=''
am__fastdepCXX_TRUE=''
am__include='include'
am__isrc=' -I$(srcdir)'
am__leading_dot='.'
am__nodep='_no'
am__quote=''
am__tar=''
am__untar=''
bindir='${exec_prefix}/bin'
build='x86_64-unknown-linux-gnu'
build_alias=''
build_cpu='x86_64'
build_os='linux-gnu'
build_vendor='unknown'
datadir='${datarootdir}'
datarootdir='${prefix}/share'
docdir='${datarootdir}/doc/${PACKAGE_TARNAME}'
dvidir='${docdir}'
exec_prefix='NONE'
host='x86_64-unknown-linux-gnu'
host_alias=''
host_cpu='x86_64'
host_os='linux-gnu'
host_vendor='unknown'
htmldir='${docdir}'
includedir='${prefix}/include'
infodir='${datarootdir}/info'
install_sh='${SHELL} /users/b98096/xor/public/CAlanWang/Code/cmsat-2.9.9/install-sh'
libdir='${exec_prefix}/lib'
libexecdir='${exec_prefix}/libexec'
localedir='${datarootdir}/locale'
localstatedir='${prefix}/var'
mandir='${datarootdir}/man'
mkdir_p='/bin/mkdir -p'
oldincludedir='/usr/include'
pdfdir='${docdir}'
prefix='NONE'
program_transform_name='s,x,x,'
psdir='${docdir}'
sbindir='${exec_prefix}/sbin'
sharedstatedir='${prefix}/com'
sysconfdir='${prefix}/etc'
target_alias=''

## ----------- ##
## confdefs.h. ##
## ----------- ##

/* confdefs.h */
#define PACKAGE_NAME "cmsat"
#define PACKAGE_TARNAME "cmsat"
#define PACKAGE_VERSION "2.9.9"
#define PACKAGE_STRING "cmsat 2.9.9"
#define PACKAGE_BUGREPORT ""
#define PACKAGE_URL ""
#define STDC_HEADERS 1
#define HAVE_SYS_TYPES_H 1
#define HAVE_SYS_STAT_H 1
#define HAVE_STDLIB_H 1
#define HAVE_STRING_H 1
#define HAVE_MEMORY_H 1
#define HAVE_STRINGS_H 1
#define HAVE_INTTYPES_H 1
#define HAVE_STDINT_H 1
#define HAVE_UNISTD_H 1
#define HAVE_DLFCN_H 1
#define LT_OBJDIR ".libs/"

configure: exit 1
